<?xml version="1.0" encoding="UTF-8"?>
<!-- Generated by org.testng.reporters.JUnitXMLReporter -->
<testsuite hostname="LAPTOP-RBK20B70" failures="0" tests="10" name="Default test" time="95.897" errors="0" timestamp="27 Sep 2021 06:27:32 GMT">
  <testcase classname="com.urbanladder.runner.runner" name="runScenario" time="15.764"/>
  <testcase classname="com.urbanladder.runner.runner" name="runScenario" time="8.76"/>
  <testcase classname="com.urbanladder.runner.runner" name="runScenario" time="9.287"/>
  <testcase classname="com.urbanladder.runner.runner" name="runScenario" time="8.543"/>
  <testcase classname="com.urbanladder.runner.runner" name="runScenario" time="8.449"/>
  <testcase classname="com.urbanladder.runner.runner" name="runScenario" time="9.165"/>
  <testcase classname="com.urbanladder.runner.runner" name="runScenario" time="9.747"/>
  <testcase classname="com.urbanladder.runner.runner" name="runScenario" time="11.897"/>
  <testcase classname="com.urbanladder.runner.runner" name="runScenario" time="10.851"/>
  <testcase classname="com.urbanladder.runner.runner" name="runScenario" time="3.118"/>
</testsuite> <!-- Default test -->
