<?xml version="1.0" encoding="UTF-8"?>
<!-- Generated by org.testng.reporters.JUnitXMLReporter -->
<testsuite hostname="saiyaswanth" failures="0" tests="10" name="Test" time="85.32" errors="0" timestamp="26 Sep 2021 14:46:41 GMT">
  <testcase classname="com.urbanladder.runner.runner" name="runScenario" time="16.704"/>
  <testcase classname="com.urbanladder.runner.runner" name="runScenario" time="2.244"/>
  <testcase classname="com.urbanladder.runner.runner" name="runScenario" time="10.224"/>
  <testcase classname="com.urbanladder.runner.runner" name="runScenario" time="8.662"/>
  <testcase classname="com.urbanladder.runner.runner" name="runScenario" time="8.638"/>
  <testcase classname="com.urbanladder.runner.runner" name="runScenario" time="8.662"/>
  <testcase classname="com.urbanladder.runner.runner" name="runScenario" time="8.519"/>
  <testcase classname="com.urbanladder.runner.runner" name="runScenario" time="8.735"/>
  <testcase classname="com.urbanladder.runner.runner" name="runScenario" time="10.069"/>
  <testcase classname="com.urbanladder.runner.runner" name="runScenario" time="2.147"/>
</testsuite> <!-- Test -->
